e:\диплом\beziercurves\source\x64\debug\vc143.pdb
e:\диплом\beziercurves\source\x64\debug\vc143.idb
e:\диплом\beziercurves\source\x64\debug\main.obj
e:\диплом\beziercurves\source\x64\debug\bridge.obj
e:\диплом\beziercurves\source\x64\debug\beziercurve.obj
e:\диплом\beziercurves\source\x64\debug\beziercurves.pdb
e:\диплом\beziercurves\source\x64\debug\beziercurves.tlog\cl.command.1.tlog
e:\диплом\beziercurves\source\x64\debug\beziercurves.tlog\cl.read.1.tlog
e:\диплом\beziercurves\source\x64\debug\beziercurves.tlog\cl.write.1.tlog
e:\диплом\beziercurves\source\x64\debug\beziercurves.tlog\link.read.2.tlog
e:\диплом\beziercurves\source\x64\debug\beziercurves.tlog\link.write.1.tlog
e:\диплом\beziercurves\source\x64\debug\beziercurves.tlog\link.command.1.tlog
e:\диплом\beziercurves\source\x64\debug\beziercurves.tlog\link.12592-rc.read.1.tlog
e:\диплом\beziercurves\source\x64\debug\beziercurves.tlog\link.12592-rc.write.1.tlog
e:\диплом\beziercurves\source\x64\debug\beziercurves.tlog\link.12592-cvtres.read.1.tlog
e:\диплом\beziercurves\source\x64\debug\beziercurves.tlog\link.12592-cvtres.write.1.tlog
e:\диплом\beziercurves\source\x64\debug\beziercurves.tlog\link.12592.read.2.tlog
e:\диплом\beziercurves\source\x64\debug\beziercurves.tlog\link.12592.read.1.tlog
e:\диплом\beziercurves\source\x64\debug\beziercurves.tlog\link.12592.write.1.tlog
e:\диплом\beziercurves\source\x64\debug\beziercurves.tlog\link.read.1.tlog
e:\диплом\beziercurves\source\x64\debug\beziercurves.tlog\link-rc.read.1.tlog
e:\диплом\beziercurves\source\x64\debug\beziercurves.tlog\link-rc.write.1.tlog
e:\диплом\beziercurves\source\x64\debug\beziercurves.tlog\link-cvtres.read.1.tlog
e:\диплом\beziercurves\source\x64\debug\beziercurves.tlog\link-cvtres.write.1.tlog
e:\диплом\beziercurves\source\x64\debug\beziercurves.tlog\link.read.3.tlog
